\BOOKMARK [0][-]{section*.1}{\376\377\000A\000b\000s\000t\000r\000a\000c\000t}{}% 1
\BOOKMARK [0][-]{chapter*.3}{\376\377\000A\000c\000k\000n\000o\000w\000l\000e\000d\000g\000e\000m\000e\000n\000t\000s}{}% 2
\BOOKMARK [0][-]{Contents.0}{\376\377\000C\000o\000n\000t\000e\000n\000t\000s}{}% 3
\BOOKMARK [0][-]{chapter.1}{\376\377\000I\000n\000t\000r\000o\000d\000u\000c\000t\000i\000o\000n}{}% 4
\BOOKMARK [1][-]{section.1.1}{\376\377\000O\000p\000t\000i\000o\000n\000s}{chapter.1}% 5
\BOOKMARK [1][-]{section.1.2}{\376\377\000C\000o\000m\000p\000o\000u\000n\000d\000\040\000o\000p\000t\000i\000o\000n\000s}{chapter.1}% 6
\BOOKMARK [1][-]{section.1.3}{\376\377\000J\000u\000m\000p\000-\000d\000i\000f\000f\000u\000s\000i\000o\000n\000\040\000m\000o\000d\000e\000l\000s}{chapter.1}% 7
\BOOKMARK [1][-]{section.1.4}{\376\377\000I\000m\000p\000l\000i\000e\000d\000\040\000v\000o\000l\000a\000t\000i\000l\000i\000t\000y}{chapter.1}% 8
\BOOKMARK [1][-]{section.1.5}{\376\377\000T\000h\000e\000\040\000M\000e\000l\000l\000i\000n\000\040\000t\000r\000a\000n\000s\000f\000o\000r\000m}{chapter.1}% 9
\BOOKMARK [1][-]{section.1.6}{\376\377\000O\000u\000t\000l\000i\000n\000e\000\040\000o\000f\000\040\000t\000h\000e\000\040\000t\000h\000e\000s\000i\000s}{chapter.1}% 10
\BOOKMARK [0][-]{chapter.2}{\376\377\000P\000r\000e\000l\000i\000m\000i\000n\000a\000r\000i\000e\000s}{}% 11
\BOOKMARK [1][-]{section.2.1}{\376\377\000B\000l\000a\000c\000k\000-\000S\000c\000h\000o\000l\000e\000s\000\040\000f\000r\000a\000m\000e\000w\000o\000r\000k}{chapter.2}% 12
\BOOKMARK [1][-]{section.2.2}{\376\377\000J\000u\000m\000p\000-\000d\000i\000f\000f\000u\000s\000i\000o\000n\000\040\000f\000r\000a\000m\000e\000w\000o\000r\000k}{chapter.2}% 13
\BOOKMARK [2][-]{subsection.2.2.1}{\376\377\000T\000h\000e\000\040\000B\000l\000a\000c\000k\000-\000S\000c\000h\000o\000l\000e\000s\000\040\000k\000e\000r\000n\000e\000l\000\040\000a\000n\000d\000\040\000i\000t\000s\000\040\000p\000r\000o\000p\000e\000r\000t\000i\000e\000s}{section.2.2}% 14
\BOOKMARK [1][-]{section.2.3}{\376\377\000M\000e\000l\000l\000i\000n\000\040\000t\000r\000a\000n\000s\000f\000o\000r\000m}{chapter.2}% 15
\BOOKMARK [1][-]{section.2.4}{\376\377\000U\000s\000e\000f\000u\000l\000\040\000p\000r\000o\000p\000e\000r\000t\000i\000e\000s\000\040\000o\000f\000\040\000t\000h\000e\000\040\000C\000D\000F\000\040\000o\000f\000\040\000a\000\040\000s\000t\000a\000n\000d\000a\000r\000d\000\040\000n\000o\000r\000m\000a\000l\000\040\000v\000a\000r\000i\000a\000b\000l\000e}{chapter.2}% 16
\BOOKMARK [1][-]{section.2.5}{\376\377\000L\000e\000m\000m\000a\000s\000\040\000a\000n\000d\000\040\000c\000o\000r\000o\000l\000l\000a\000r\000i\000e\000s\000\040\000w\000e\000\040\000w\000i\000l\000l\000\040\000n\000e\000e\000d}{chapter.2}% 17
\BOOKMARK [2][-]{subsection.2.5.1}{\376\377\000G\000e\000n\000e\000r\000a\000l\000\040\000l\000e\000m\000m\000a\000s}{section.2.5}% 18
\BOOKMARK [2][-]{subsection.2.5.2}{\376\377\000L\000e\000m\000m\000a\000s\000\040\000a\000n\000d\000\040\000c\000o\000r\000o\000l\000l\000a\000r\000i\000e\000s\000\040\000u\000s\000e\000f\000u\000l\000\040\000f\000o\000r\000\040\000t\000h\000e\000\040\000c\000o\000m\000p\000o\000u\000n\000d\000\040\000o\000p\000t\000i\000o\000n\000s\000\040\000f\000r\000a\000m\000e\000w\000o\000r\000k}{section.2.5}% 19
\BOOKMARK [0][-]{chapter.3}{\376\377\000O\000p\000t\000i\000o\000n\000s\000\040\000p\000r\000i\000c\000i\000n\000g\000\040\000f\000o\000r\000m\000u\000l\000a\000\040\000f\000o\000r\000\040\000E\000u\000r\000o\000p\000e\000a\000n\000\040\000o\000p\000t\000i\000o\000n\000s\000\040\000i\000n\000\040\000j\000u\000m\000p\000-\000d\000i\000f\000f\000u\000s\000i\000o\000n\000\040\000d\000y\000n\000a\000m\000i\000c\000s}{}% 20
\BOOKMARK [1][-]{section.3.1}{\376\377\000A\000l\000t\000e\000r\000n\000a\000t\000i\000v\000e\000\040\000o\000p\000t\000i\000o\000n\000\040\000p\000r\000i\000c\000i\000n\000g\000\040\000f\000o\000r\000m\000u\000l\000a\000\040\000w\000h\000e\000r\000e\000\040\000t\000h\000e\000\040\000u\000n\000d\000e\000r\000l\000y\000i\000n\000g\000\040\000a\000s\000s\000e\000t\000\040\000i\000s\000\040\000\040\000s\000u\000b\000j\000e\000c\000t\000e\000d\000\040\000t\000o\000\040\000j\000u\000m\000p\000-\000d\000i\000f\000f\000u\000s\000i\000o\000n\000\040\000d\000y\000n\000a\000m\000i\000c\000s}{chapter.3}% 21
\BOOKMARK [1][-]{section.3.2}{\376\377\000T\000h\000e\000\040\000j\000u\000m\000p\000\040\000t\000e\000r\000m\000\040\000J}{chapter.3}% 22
\BOOKMARK [1][-]{section.3.3}{\376\377\000E\000x\000a\000m\000p\000l\000e\000:\000\040\000l\000o\000g\000n\000o\000r\000m\000a\000l\000l\000y\000\040\000d\000i\000s\000t\000r\000i\000b\000u\000t\000e\000d\000\040\000j\000u\000m\000p\000s}{chapter.3}% 23
\BOOKMARK [2][-]{subsection.3.3.1}{\376\377\000R\000e\000s\000u\000l\000t\000\040\000v\000i\000a\000\040\000t\000h\000e\000\040\000g\000e\000n\000e\000r\000a\000l\000\040\000r\000e\000c\000u\000r\000s\000i\000o\000n\000\040\000f\000o\000r\000m\000u\000l\000a}{section.3.3}% 24
\BOOKMARK [2][-]{subsection.3.3.2}{\376\377\000R\000e\000s\000u\000l\000t\000\040\000u\000s\000i\000n\000g\000\040\000M\000e\000l\000l\000i\000n\000\040\000i\000d\000e\000n\000t\000i\000t\000i\000e\000s}{section.3.3}% 25
\BOOKMARK [2][-]{subsection.3.3.3}{\376\377\000V\000e\000r\000i\000f\000i\000c\000a\000t\000i\000o\000n\000\040\000o\000f\000\040\000e\000q\000u\000a\000l\000i\000t\000y\000\040\000t\000o\000\040\000M\000e\000r\000t\000o\000n\000'\000s\000\040\000s\000o\000l\000u\000t\000i\000o\000n}{section.3.3}% 26
\BOOKMARK [2][-]{subsection.3.3.4}{\376\377\000C\000o\000m\000p\000a\000r\000i\000s\000o\000n\000\040\000o\000f\000\040\000t\000h\000e\000\040\000j\000u\000m\000p\000-\000d\000i\000f\000f\000u\000s\000i\000o\000n\000\040\000a\000n\000d\000\040\000B\000l\000a\000c\000k\000-\000S\000c\000h\000o\000l\000e\000s\000\040\000m\000o\000d\000e\000l\000s}{section.3.3}% 27
\BOOKMARK [1][-]{section.3.4}{\376\377\000E\000x\000a\000m\000p\000l\000e\000:\000\040\000d\000o\000u\000b\000l\000e\000\040\000e\000x\000p\000o\000n\000e\000n\000t\000i\000a\000l\000l\000y\000\040\000d\000i\000s\000t\000r\000i\000b\000u\000t\000e\000d\000\040\000j\000u\000m\000p\000s}{chapter.3}% 28
\BOOKMARK [1][-]{section.3.5}{\376\377\000E\000x\000a\000m\000p\000l\000e\000:\000\040\000g\000a\000m\000m\000a\000\040\000d\000i\000s\000t\000r\000i\000b\000u\000t\000e\000d\000\040\000j\000u\000m\000p\000s}{chapter.3}% 29
\BOOKMARK [1][-]{section.3.6}{\376\377\000D\000i\000s\000c\000u\000s\000s\000i\000o\000n\000\040\000a\000n\000d\000\040\000c\000o\000n\000c\000l\000u\000s\000i\000o\000n}{chapter.3}% 30
\BOOKMARK [0][-]{chapter.4}{\376\377\000I\000m\000p\000l\000i\000e\000d\000\040\000v\000o\000l\000a\000t\000i\000l\000i\000t\000y\000\040\000e\000s\000t\000i\000m\000a\000t\000i\000o\000n\000\040\000f\000o\000r\000\040\000E\000u\000r\000o\000p\000e\000a\000n\000\040\000o\000p\000t\000i\000o\000n\000s\000\040\000i\000n\000\040\000j\000u\000m\000p\000-\000d\000i\000f\000f\000u\000s\000i\000o\000n\000\040\000d\000y\000n\000a\000m\000i\000c\000s}{}% 31
\BOOKMARK [1][-]{section.4.1}{\376\377\000A\000\040\000P\000I\000D\000E\000\040\000a\000n\000a\000l\000o\000g\000u\000e\000\040\000o\000f\000\040\000D\000u\000p\000i\000r\000e\000'\000s\000\040\000e\000q\000u\000a\000t\000i\000o\000n}{chapter.4}% 32
\BOOKMARK [2][-]{subsection.4.1.1}{\376\377\000H\000o\000m\000o\000g\000e\000n\000e\000i\000t\000y\000\040\000o\000f\000\040\000t\000h\000e\000\040\000s\000o\000l\000u\000t\000i\000o\000n}{section.4.1}% 33
\BOOKMARK [2][-]{subsection.4.1.2}{\376\377\000D\000e\000r\000i\000v\000a\000t\000i\000o\000n\000\040\000o\000f\000\040\000a\000\040\000D\000u\000p\000i\000r\000e\000-\000l\000i\000k\000e\000\040\000P\000I\000D\000E\000\040\000v\000i\000a\000\040\000E\000u\000l\000e\000r\000'\000s\000\040\000t\000h\000e\000o\000r\000e\000m\000\040\000o\000n\000\040\000h\000o\000m\000o\000g\000e\000n\000e\000o\000u\000s\000\040\000f\000u\000n\000c\000t\000i\000o\000n\000s}{section.4.1}% 34
\BOOKMARK [1][-]{section.4.2}{\376\377\000I\000m\000p\000l\000i\000e\000d\000\040\000v\000o\000l\000a\000t\000i\000l\000i\000t\000y\000\040\000f\000o\000r\000m\000u\000l\000a}{chapter.4}% 35
\BOOKMARK [1][-]{section.4.3}{\376\377\000N\000u\000m\000e\000r\000i\000c\000a\000l\000\040\000s\000i\000m\000u\000l\000a\000t\000i\000o\000n\000s}{chapter.4}% 36
\BOOKMARK [2][-]{subsection.4.3.1}{\376\377\000T\000h\000e\000o\000r\000e\000t\000i\000c\000a\000l\000\040\000d\000a\000t\000a\000\040\000f\000o\000r\000\040\000o\000p\000t\000i\000o\000n\000\040\000p\000r\000i\000c\000e\000s}{section.4.3}% 37
\BOOKMARK [2][-]{subsection.4.3.2}{\376\377\000P\000s\000e\000u\000d\000o\000-\000m\000a\000r\000k\000e\000t\000\040\000d\000a\000t\000a\000\040\000f\000o\000r\000\040\000o\000p\000t\000i\000o\000n\000\040\000p\000r\000i\000c\000e\000s}{section.4.3}% 38
\BOOKMARK [2][-]{subsection.4.3.3}{\376\377\000A\000l\000g\000o\000r\000i\000t\000h\000m}{section.4.3}% 39
\BOOKMARK [2][-]{subsection.4.3.4}{\376\377\000R\000e\000s\000u\000l\000t\000s}{section.4.3}% 40
\BOOKMARK [1][-]{section.4.4}{\376\377\000D\000i\000s\000c\000u\000s\000s\000i\000o\000n\000\040\000a\000n\000d\000\040\000c\000o\000n\000c\000l\000u\000s\000i\000o\000n}{chapter.4}% 41
\BOOKMARK [0][-]{chapter.5}{\376\377\000O\000p\000t\000i\000o\000n\000s\000\040\000p\000r\000i\000c\000i\000n\000g\000\040\000f\000o\000r\000m\000u\000l\000a\000\040\000f\000o\000r\000\040\000A\000m\000e\000r\000i\000c\000a\000n\000\040\000o\000p\000t\000i\000o\000n\000s\000\040\000i\000n\000\040\000j\000u\000m\000p\000-\000d\000i\000f\000f\000u\000s\000i\000o\000n\000\040\000d\000y\000n\000a\000m\000i\000c\000s\000\040\000a\000n\000d\000\040\000a\000n\000\040\000a\000p\000p\000r\000o\000x\000i\000m\000a\000t\000e\000\040\000s\000o\000l\000u\000t\000i\000o\000n\000\040\000t\000o\000\040\000t\000h\000e\000\040\000f\000r\000e\000e\000\040\000b\000o\000u\000n\000d\000a\000r\000y}{}% 42
\BOOKMARK [1][-]{section.5.1}{\376\377\000T\000h\000e\000\040\000P\000I\000D\000E\000\040\000s\000y\000s\000t\000e\000m\000\040\000f\000o\000r\000\040\000A\000m\000e\000r\000i\000c\000a\000n\000\040\000o\000p\000t\000i\000o\000n\000s\000\040\000a\000n\000d\000\040\000i\000t\000s\000\040\000s\000o\000l\000u\000t\000i\000o\000n}{chapter.5}% 43
\BOOKMARK [2][-]{subsection.5.1.1}{\376\377\000A\000m\000e\000r\000i\000c\000a\000n\000\040\000p\000u\000t\000\040\000o\000p\000t\000i\000o\000n\000\040\000i\000n\000\040\000j\000u\000m\000p\000-\000d\000i\000f\000f\000u\000s\000i\000o\000n\000\040\000d\000y\000n\000a\000m\000i\000c\000s}{section.5.1}% 44
\BOOKMARK [2][-]{subsection.5.1.2}{\376\377\000E\000x\000a\000m\000p\000l\000e\000:\000\040\000l\000o\000g\000n\000o\000r\000m\000a\000l\000l\000y\000\040\000d\000i\000s\000t\000r\000i\000b\000u\000t\000e\000d\000\040\000j\000u\000m\000p\000s\000\040\000f\000o\000r\000\040\000a\000n\000\040\000A\000m\000e\000r\000i\000c\000a\000n\000\040\000p\000u\000t\000\040\000o\000p\000t\000i\000o\000n}{section.5.1}% 45
\BOOKMARK [2][-]{subsection.5.1.3}{\376\377\000A\000m\000e\000r\000i\000c\000a\000n\000\040\000c\000a\000l\000l\000\040\000o\000p\000t\000i\000o\000n\000\040\000i\000n\000\040\000j\000u\000m\000p\000-\000d\000i\000f\000f\000u\000s\000i\000o\000n\000\040\000d\000y\000n\000a\000m\000i\000c\000s}{section.5.1}% 46
\BOOKMARK [2][-]{subsection.5.1.4}{\376\377\000E\000x\000a\000m\000p\000l\000e\000:\000\040\000l\000o\000g\000n\000o\000r\000m\000a\000l\000l\000y\000\040\000d\000i\000s\000t\000r\000i\000b\000u\000t\000e\000d\000\040\000j\000u\000m\000p\000s\000\040\000f\000o\000r\000\040\000a\000n\000\040\000A\000m\000e\000r\000i\000c\000a\000n\000\040\000c\000a\000l\000l\000\040\000o\000p\000t\000i\000o\000n}{section.5.1}% 47
\BOOKMARK [1][-]{section.5.2}{\376\377\000I\000n\000t\000e\000g\000r\000a\000l\000\040\000e\000q\000u\000a\000t\000i\000o\000n\000s\000\040\000f\000o\000r\000\040\000S\000*\000\040\000f\000o\000r\000\040\000b\000o\000t\000h\000\040\000t\000h\000e\000\040\000A\000m\000e\000r\000i\000c\000a\000n\000\040\000p\000u\000t\000\040\000a\000n\000d\000\040\000c\000a\000l\000l\000\040\000o\000p\000t\000i\000o\000n\000s\000\040\000i\000n\000\040\000a\000\040\000j\000u\000m\000p\000-\000d\000i\000f\000f\000u\000s\000i\000o\000n\000\040\000m\000o\000d\000e\000l}{chapter.5}% 48
\BOOKMARK [1][-]{section.5.3}{\376\377\000A\000s\000y\000m\000p\000t\000o\000t\000i\000c\000\040\000b\000e\000h\000a\000v\000i\000o\000u\000r\000\040\000o\000f\000\040\000S\000*\000\040\000a\000t\000\040\000t\000e\000r\000m\000i\000n\000a\000l\000\040\000t\000i\000m\000e}{chapter.5}% 49
\BOOKMARK [2][-]{subsection.5.3.1}{\376\377\000E\000x\000a\000m\000p\000l\000e\000:\000\040\000S\000*\000\050\000T\000\051\000\040\000f\000o\000r\000\040\000l\000o\000g\000n\000o\000r\000m\000a\000l\000l\000y\000\040\000d\000i\000s\000t\000r\000i\000b\000u\000t\000e\000d\000\040\000j\000u\000m\000p\000s}{section.5.3}% 50
\BOOKMARK [1][-]{section.5.4}{\376\377\000A\000p\000p\000r\000o\000x\000i\000m\000a\000t\000e\000\040\000i\000n\000t\000e\000g\000r\000o\000-\000d\000i\000f\000f\000e\000r\000e\000n\000t\000i\000a\000l\000\040\000e\000q\000u\000a\000t\000i\000o\000n\000\040\000t\000o\000\040\000t\000h\000e\000\040\000f\000r\000e\000e\000\040\000b\000o\000u\000n\000d\000a\000r\000y\000\040\000f\000o\000r\000\040\000A\000m\000e\000r\000i\000c\000a\000n\000\040\000o\000p\000t\000i\000o\000n\000s\000\040\000i\000n\000\040\000j\000u\000m\000p\000-\000d\000i\000f\000f\000u\000s\000i\000o\000n\000\040\000d\000y\000n\000a\000m\000i\000c\000s}{chapter.5}% 51
\BOOKMARK [2][-]{subsection.5.4.1}{\376\377\000A\000p\000p\000r\000o\000x\000i\000m\000a\000t\000e\000\040\000I\000D\000E\000\040\000f\000o\000r\000\040\000a\000n\000\040\000A\000m\000e\000r\000i\000c\000a\000n\000\040\000p\000u\000t\000\040\000o\000p\000t\000i\000o\000n}{section.5.4}% 52
\BOOKMARK [2][-]{subsection.5.4.2}{\376\377\000E\000x\000a\000m\000p\000l\000e\000\040\000o\000f\000\040\000a\000n\000\040\000a\000p\000p\000r\000o\000x\000i\000m\000a\000t\000e\000\040\000I\000D\000E\000\040\000f\000o\000r\000\040\000a\000n\000\040\000A\000m\000e\000r\000i\000c\000a\000n\000\040\000p\000u\000t\000\040\000o\000p\000t\000i\000o\000n\000\040\000a\000n\000d\000\040\000S\000*\000:\000\040\000l\000o\000g\000n\000o\000r\000m\000a\000l\000l\000y\000\040\000d\000i\000s\000t\000r\000i\000b\000u\000t\000e\000d\000\040\000j\000u\000m\000p\000s}{section.5.4}% 53
\BOOKMARK [2][-]{subsection.5.4.3}{\376\377\000A\000p\000p\000r\000o\000x\000i\000m\000a\000t\000e\000\040\000I\000D\000E\000\040\000f\000o\000r\000\040\000a\000n\000\040\000A\000m\000e\000r\000i\000c\000a\000n\000\040\000c\000a\000l\000l\000\040\000o\000p\000t\000i\000o\000n}{section.5.4}% 54
\BOOKMARK [2][-]{subsection.5.4.4}{\376\377\000E\000x\000a\000m\000p\000l\000e\000\040\000o\000f\000\040\000a\000n\000\040\000a\000p\000p\000r\000o\000x\000i\000m\000a\000t\000e\000\040\000I\000D\000E\000\040\000f\000o\000r\000\040\000a\000n\000\040\000A\000m\000e\000r\000i\000c\000a\000n\000\040\000c\000a\000l\000l\000\040\000o\000p\000t\000i\000o\000n\000\040\000a\000n\000d\000\040\000S\000*\000:\000\040\000l\000o\000g\000n\000o\000r\000m\000a\000l\000l\000y\000\040\000d\000i\000s\000t\000r\000i\000b\000u\000t\000e\000d\000\040\000j\000u\000m\000p\000s}{section.5.4}% 55
\BOOKMARK [1][-]{section.5.5}{\376\377\000A\000n\000\040\000a\000l\000g\000o\000r\000i\000t\000h\000m\000\040\000f\000o\000r\000\040\000n\000u\000m\000e\000r\000i\000c\000a\000l\000l\000y\000\040\000s\000o\000l\000v\000i\000n\000g\000\040\000t\000h\000e\000\040\000a\000p\000p\000r\000o\000x\000i\000m\000a\000t\000e\000\040\000I\000D\000E\000\040\000f\000o\000r\000\040\000S\000*\000\040\000f\000o\000r\000\040\000a\000n\000\040\000A\000m\000e\000r\000i\000c\000a\000n\000\040\000p\000u\000t\000\040\000o\000p\000t\000i\000o\000n}{chapter.5}% 56
\BOOKMARK [1][-]{section.5.6}{\376\377\000A\000\040\000f\000i\000n\000i\000t\000e\000\040\000d\000i\000f\000f\000e\000r\000e\000n\000c\000e\000\040\000m\000e\000t\000h\000o\000d\000\040\000f\000o\000r\000\040\000s\000o\000l\000v\000i\000n\000g\000\040\000t\000h\000e\000\040\000P\000I\000D\000E}{chapter.5}% 57
\BOOKMARK [1][-]{section.5.7}{\376\377\000N\000u\000m\000e\000r\000i\000c\000a\000l\000\040\000s\000i\000m\000u\000l\000a\000t\000i\000o\000n\000s}{chapter.5}% 58
\BOOKMARK [2][-]{subsection.5.7.1}{\376\377\000T\000h\000e\000\040\000a\000p\000p\000r\000o\000x\000i\000m\000a\000t\000e\000\040\000f\000r\000e\000e\000\040\000b\000o\000u\000n\000d\000a\000r\000y\000\040\000f\000o\000r\000\040\000a\000n\000\040\000A\000m\000e\000r\000i\000c\000a\000n\000\040\000p\000u\000t\000\040\000o\000p\000t\000i\000o\000n}{section.5.7}% 59
\BOOKMARK [2][-]{subsection.5.7.2}{\376\377\000R\000e\000s\000u\000l\000t\000s}{section.5.7}% 60
\BOOKMARK [2][-]{subsection.5.7.3}{\376\377\000C\000o\000n\000c\000l\000u\000s\000i\000o\000n}{section.5.7}% 61
\BOOKMARK [0][-]{chapter.6}{\376\377\000A\000l\000t\000e\000r\000n\000a\000t\000i\000v\000e\000\040\000m\000e\000t\000h\000o\000d\000\040\000f\000o\000r\000\040\000c\000o\000m\000p\000u\000t\000i\000n\000g\000\040\000E\000u\000r\000o\000p\000e\000a\000n\000\040\000c\000o\000m\000p\000o\000u\000n\000d\000\040\000o\000p\000t\000i\000o\000n\000s}{}% 62
\BOOKMARK [1][-]{section.6.1}{\376\377\000O\000u\000t\000l\000i\000n\000e}{chapter.6}% 63
\BOOKMARK [1][-]{section.6.2}{\376\377\000G\000e\000n\000e\000r\000a\000l\000i\000s\000e\000d\000\040\000c\000o\000m\000p\000o\000u\000n\000d\000\040\000o\000p\000t\000i\000o\000n\000\040\000p\000r\000i\000c\000i\000n\000g\000\040\000f\000o\000r\000m\000u\000l\000a\000s}{chapter.6}% 64
\BOOKMARK [2][-]{subsection.6.2.1}{\376\377\000C\000a\000l\000l\000-\000o\000n\000-\000a\000-\000c\000a\000l\000l\000\040\000c\000o\000m\000p\000o\000u\000n\000d\000\040\000o\000p\000t\000i\000o\000n}{section.6.2}% 65
\BOOKMARK [2][-]{subsection.6.2.2}{\376\377\000P\000u\000t\000-\000o\000n\000-\000a\000-\000p\000u\000t\000\040\000c\000o\000m\000p\000o\000u\000n\000d\000\040\000o\000p\000t\000i\000o\000n}{section.6.2}% 66
\BOOKMARK [2][-]{subsection.6.2.3}{\376\377\000C\000a\000l\000l\000-\000o\000n\000-\000a\000-\000p\000u\000t\000\040\000c\000o\000m\000p\000o\000u\000n\000d\000\040\000o\000p\000t\000i\000o\000n}{section.6.2}% 67
\BOOKMARK [2][-]{subsection.6.2.4}{\376\377\000P\000u\000t\000-\000o\000n\000-\000a\000-\000c\000a\000l\000l\000\040\000c\000o\000m\000p\000o\000u\000n\000d\000\040\000o\000p\000t\000i\000o\000n}{section.6.2}% 68
\BOOKMARK [1][-]{section.6.3}{\376\377\000G\000e\000n\000e\000r\000a\000l\000i\000s\000e\000d\000\040\000e\000x\000a\000m\000p\000l\000e\000:\000\040\000s\000t\000r\000a\000d\000d\000l\000e\000-\000o\000n\000-\000a\000-\000c\000a\000l\000l\000\040\000c\000o\000m\000p\000o\000u\000n\000d\000\040\000o\000p\000t\000i\000o\000n}{chapter.6}% 69
\BOOKMARK [1][-]{section.6.4}{\376\377\000C\000o\000m\000p\000o\000u\000n\000d\000\040\000o\000p\000t\000i\000o\000n\000s\000\040\000w\000i\000t\000h\000\040\000d\000i\000s\000c\000r\000e\000t\000e\000\040\000d\000i\000v\000i\000d\000e\000n\000d\000s}{chapter.6}% 70
\BOOKMARK [2][-]{subsection.6.4.1}{\376\377\000C\000a\000s\000e\000\040\0001\000:\000\040\0000\000\040\000<\000\040\000t\000d\000\040\000<\000\040\000T\0001\000\040\000<\000\040\000T\0002}{section.6.4}% 71
\BOOKMARK [2][-]{subsection.6.4.2}{\376\377\000C\000a\000s\000e\000\040\0002\000:\000\040\0000\000\040\000<\000\040\000T\0001\000\040\000<\000\040\000t\000d\000\040\000<\000\040\000T\0002}{section.6.4}% 72
\BOOKMARK [2][-]{subsection.6.4.3}{\376\377\000C\000a\000s\000e\000\040\0003\000:\000\040\0000\000\040\000<\000\040\000t\000d\000\040\000=\000\040\000T\0001\000\040\000<\000\040\000T\0002}{section.6.4}% 73
\BOOKMARK [2][-]{subsection.6.4.4}{\376\377\000E\000x\000a\000m\000p\000l\000e\000:\000\040\000C\000a\000l\000l\000-\000o\000n\000-\000a\000-\000c\000a\000l\000l\000\040\000f\000o\000r\000\040\0000\000\040\000<\000\040\000t\000d\000\040\000<\000\040\000T\0001\000\040\000<\000\040\000T\0002}{section.6.4}% 74
\BOOKMARK [1][-]{section.6.5}{\376\377\000C\000o\000n\000c\000l\000u\000s\000i\000o\000n}{chapter.6}% 75
\BOOKMARK [0][-]{section*.20}{\376\377\000B\000i\000b\000l\000i\000o\000g\000r\000a\000p\000h\000y}{}% 76
\BOOKMARK [0][-]{appendix.A}{\376\377\000D\000e\000r\000i\000v\000a\000t\000i\000o\000n\000\040\000o\000f\000\040\000u\000s\000e\000f\000u\000l\000\040\000l\000e\000m\000m\000a\000s\000\040\000f\000r\000o\000m\000\040\000t\000h\000e\000\040\000p\000r\000e\000l\000i\000m\000i\000n\000a\000r\000i\000e\000s}{}% 77
\BOOKMARK [1][-]{section.A.1}{\376\377\000P\000r\000o\000o\000f\000\040\000o\000f\000\040\000L\000e\000m\000m\000a\000\040\0001}{appendix.A}% 78
\BOOKMARK [1][-]{section.A.2}{\376\377\000P\000r\000o\000o\000f\000\040\000o\000f\000\040\000L\000e\000m\000m\000a\000\040\0002}{appendix.A}% 79
\BOOKMARK [1][-]{section.A.3}{\376\377\000P\000r\000o\000o\000f\000\040\000o\000f\000\040\000L\000e\000m\000m\000a\000\040\0003}{appendix.A}% 80
\BOOKMARK [1][-]{section.A.4}{\376\377\000P\000r\000o\000o\000f\000\040\000o\000f\000\040\000L\000e\000m\000m\000a\000\040\0004}{appendix.A}% 81
\BOOKMARK [1][-]{section.A.5}{\376\377\000P\000r\000o\000o\000f\000\040\000o\000f\000\040\000L\000e\000m\000m\000a\000\040\0005}{appendix.A}% 82
\BOOKMARK [0][-]{appendix.B}{\376\377\000P\000r\000o\000o\000f\000\040\000o\000f\000\040\000t\000h\000e\000\040\000l\000e\000m\000m\000a\000s\000\040\000p\000e\000r\000t\000a\000i\000n\000i\000n\000g\000\040\000t\000o\000\040\000c\000o\000m\000p\000o\000u\000n\000d\000\040\000o\000p\000t\000i\000o\000n\000s}{}% 83
\BOOKMARK [1][-]{section.B.1}{\376\377\000P\000r\000o\000o\000f\000\040\000o\000f\000\040\000L\000e\000m\000m\000a\000\040\0006}{appendix.B}% 84
\BOOKMARK [1][-]{section.B.2}{\376\377\000P\000r\000o\000o\000f\000\040\000o\000f\000\040\000L\000e\000m\000m\000a\000\040\0007}{appendix.B}% 85
\BOOKMARK [1][-]{section.B.3}{\376\377\000P\000r\000o\000o\000f\000\040\000o\000f\000\040\000C\000o\000r\000o\000l\000l\000a\000r\000y\000\040\0001}{appendix.B}% 86
\BOOKMARK [1][-]{section.B.4}{\376\377\000P\000r\000o\000o\000f\000\040\000o\000f\000\040\000l\000e\000m\000m\000a\000\040\0008}{appendix.B}% 87
\BOOKMARK [1][-]{section.B.5}{\376\377\000P\000r\000o\000o\000f\000\040\000o\000f\000\040\000L\000e\000m\000m\000a\000\040\0009}{appendix.B}% 88
\BOOKMARK [1][-]{section.B.6}{\376\377\000P\000r\000o\000o\000f\000\040\000o\000f\000\040\000C\000o\000r\000o\000l\000l\000a\000r\000y\000\040\0002}{appendix.B}% 89
\BOOKMARK [0][-]{appendix.C}{\376\377\000M\000A\000T\000L\000A\000B\000\040\000c\000o\000d\000e\000\040\000u\000s\000e\000d\000\040\000t\000h\000r\000o\000u\000g\000h\000o\000u\000t\000\040\000t\000h\000e\000\040\000t\000h\000e\000s\000i\000s}{}% 90
\BOOKMARK [1][-]{section.C.1}{\376\377\000C\000o\000d\000e\000\040\000t\000o\000\040\000o\000u\000t\000p\000u\000t\000\040\000B\000l\000a\000c\000k\000-\000S\000c\000h\000o\000l\000e\000s\000'\000\040\000s\000t\000a\000n\000d\000a\000r\000d\000\040\000d\000i\000f\000f\000u\000s\000i\000o\000n\000\040\000a\000n\000d\000\040\000M\000e\000r\000t\000o\000n\000'\000s\000\040\000j\000u\000m\000p\000-\000d\000i\000f\000f\000u\000s\000i\000o\000n\000\040\000o\000p\000t\000i\000o\000n\000\040\000p\000r\000o\000f\000i\000l\000e\000s}{appendix.C}% 91
\BOOKMARK [1][-]{section.C.2}{\376\377\000C\000o\000d\000e\000\040\000t\000o\000\040\000c\000o\000m\000p\000u\000t\000e\000\040\000t\000h\000e\000\040\000i\000m\000p\000l\000i\000e\000d\000\040\000v\000o\000l\000a\000t\000i\000l\000i\000t\000y\000\040\000i\000n\000\040\000a\000\040\000j\000u\000m\000p\000-\000d\000i\000f\000f\000u\000s\000i\000o\000n\000\040\000m\000o\000d\000e\000l}{appendix.C}% 92
\BOOKMARK [2][-]{subsection.C.2.1}{\376\377\000I\000m\000p\000l\000i\000e\000d\000\040\000v\000o\000l\000a\000t\000i\000l\000i\000t\000y\000\040\000u\000s\000i\000n\000g\000\040\000t\000h\000e\000o\000r\000e\000t\000i\000c\000a\000l\000\040\000d\000a\000t\000a}{section.C.2}% 93
\BOOKMARK [2][-]{subsection.C.2.2}{\376\377\000I\000m\000p\000l\000i\000e\000d\000\040\000v\000o\000l\000a\000t\000i\000l\000i\000t\000y\000\040\000e\000s\000t\000i\000m\000a\000t\000i\000o\000n\000\040\000u\000s\000i\000n\000g\000\040\000p\000s\000e\000u\000d\000o\000-\000m\000a\000r\000k\000e\000t\000\040\000d\000a\000t\000a}{section.C.2}% 94
\BOOKMARK [2][-]{subsection.C.2.3}{\376\377\000N\000e\000w\000t\000o\000n\000'\000s\000\040\000m\000e\000t\000h\000o\000d}{section.C.2}% 95
\BOOKMARK [2][-]{subsection.C.2.4}{\376\377\000B\000r\000e\000n\000n\000e\000r\000-\000S\000u\000b\000r\000a\000h\000m\000a\000n\000y\000a\000m}{section.C.2}% 96
\BOOKMARK [2][-]{subsection.C.2.5}{\376\377\000C\000o\000r\000r\000a\000d\000o\000-\000M\000i\000l\000l\000e\000r}{section.C.2}% 97
\BOOKMARK [1][-]{section.C.3}{\376\377\000C\000o\000d\000e\000\040\000t\000o\000\040\000a\000i\000d\000\040\000i\000n\000\040\000p\000r\000i\000c\000i\000n\000g\000\040\000a\000n\000\040\000A\000m\000e\000r\000i\000c\000a\000n\000\040\000p\000u\000t\000\040\000o\000p\000t\000i\000o\000n\000\040\000s\000u\000b\000j\000e\000c\000t\000e\000d\000\040\000t\000o\000\040\000j\000u\000m\000p\000-\000d\000i\000f\000f\000u\000s\000i\000o\000n\000\040\000d\000y\000n\000a\000m\000i\000c\000s}{appendix.C}% 98
\BOOKMARK [2][-]{subsection.C.3.1}{\376\377\000F\000D\000M\000\040\000t\000o\000\040\000s\000o\000l\000v\000e\000\040\000M\000e\000r\000t\000o\000n\000'\000s\000\040\000P\000I\000D\000E}{section.C.3}% 99
\BOOKMARK [2][-]{subsection.C.3.2}{\376\377\000C\000o\000d\000e\000\040\000t\000o\000\040\000s\000o\000l\000v\000e\000\040\000f\000o\000r\000\040\000t\000h\000e\000\040\000A\000m\000e\000r\000i\000c\000a\000n\000\040\000p\000u\000t\000\040\000o\000p\000t\000i\000o\000n\000\040\000i\000n\000\040\000j\000u\000m\000p\000-\000d\000i\000f\000f\000u\000s\000i\000o\000n\000\040\000d\000y\000n\000a\000m\000i\000c\000s\000\040\000u\000s\000i\000n\000g\000\040\000S\000*\000\040\000f\000r\000o\000m\000\040\000A\000p\000p\000e\000n\000d\000i\000x\000\040\000C\000.\0003\000.\0002\000.}{section.C.3}% 100
\BOOKMARK [0][-]{appendix.D}{\376\377\000P\000r\000o\000o\000f\000\040\000t\000h\000a\000t\000\040\000F\000n\000\040\000i\000n\000\040\000\050\0003\000.\0001\0004\000\051\000\040\000e\000x\000i\000s\000t\000s\000\040\000f\000o\000r\000\040\000a\000l\000l\000\040\000n\000\040\0002}{}% 101
\BOOKMARK [1][-]{section.D.1}{\376\377\000S\000e\000t\000t\000i\000n\000g\000\040\000u\000p\000\040\000t\000h\000e\000\040\000p\000r\000o\000o\000f}{appendix.D}% 102
\BOOKMARK [1][-]{section.D.2}{\376\377\000B\000a\000s\000e\000\040\000c\000a\000s\000e\000:\000\040\000n\000\040\000=\000\040\0002\000\040\000a\000n\000d\000\040\000s\000h\000o\000w\000i\000n\000g\000\040\000b\000o\000t\000h\000\040\000F\0001\000,\000\040\000F\0002\000\040\000A}{appendix.D}% 103
\BOOKMARK [1][-]{section.D.3}{\376\377\000I\000n\000d\000u\000c\000t\000i\000o\000n\000\040\000h\000y\000p\000o\000t\000h\000e\000s\000i\000s\000:\000\040\000a\000s\000s\000u\000m\000e\000\040\000t\000r\000u\000e\000\040\000f\000o\000r\000\040\000n\000\040\000=\000\040\000k\000-\0001}{appendix.D}% 104
